<?xml version="1.0" encoding="UTF-8"?>
<testng-results skipped="0" failed="0" total="4" passed="4">
  <reporter-output>
  </reporter-output>
  <suite name="All Test Suite" duration-ms="42263" started-at="2020-09-01T07:22:23Z" finished-at="2020-09-01T07:23:05Z">
    <groups>
    </groups>
    <test name="CorrectUserName" duration-ms="11858" started-at="2020-09-01T07:22:23Z" finished-at="2020-09-01T07:22:35Z">
      <class name="Ddlogintestcases.CorrectUserName">
        <test-method status="PASS" signature="loginwithcorrectusername(java.lang.String, java.lang.String)[pri:0, instance:Ddlogintestcases.CorrectUserName@ba4d54]" name="loginwithcorrectusername" duration-ms="11833" started-at="2020-09-01T12:52:23Z" finished-at="2020-09-01T12:52:35Z">
          <params>
            <param index="0">
              <value>
                <![CDATA[Admin]]>
              </value>
            </param>
            <param index="1">
              <value>
                <![CDATA[admin12]]>
              </value>
            </param>
          </params>
          <reporter-output>
          </reporter-output>
        </test-method> <!-- loginwithcorrectusername -->
      </class> <!-- Ddlogintestcases.CorrectUserName -->
    </test> <!-- CorrectUserName -->
    <test name="CorrectPassWord" duration-ms="9386" started-at="2020-09-01T07:22:35Z" finished-at="2020-09-01T07:22:44Z">
      <class name="Ddlogintestcases.CorrectPassWord">
        <test-method status="PASS" signature="loginwithcorrectpassword(java.lang.String, java.lang.String)[pri:0, instance:Ddlogintestcases.CorrectPassWord@77f03bb1]" name="loginwithcorrectpassword" duration-ms="9386" started-at="2020-09-01T12:52:35Z" finished-at="2020-09-01T12:52:44Z">
          <params>
            <param index="0">
              <value>
                <![CDATA[Admin1]]>
              </value>
            </param>
            <param index="1">
              <value>
                <![CDATA[admin123]]>
              </value>
            </param>
          </params>
          <reporter-output>
          </reporter-output>
        </test-method> <!-- loginwithcorrectpassword -->
      </class> <!-- Ddlogintestcases.CorrectPassWord -->
    </test> <!-- CorrectPassWord -->
    <test name="BothCorrect" duration-ms="11025" started-at="2020-09-01T07:22:44Z" finished-at="2020-09-01T07:22:55Z">
      <class name="Ddlogintestcases.BothCorrect">
        <test-method status="PASS" signature="loginsuccess(java.lang.String, java.lang.String)[pri:0, instance:Ddlogintestcases.BothCorrect@4b6995df]" name="loginsuccess" duration-ms="11024" started-at="2020-09-01T12:52:44Z" finished-at="2020-09-01T12:52:55Z">
          <params>
            <param index="0">
              <value>
                <![CDATA[Admin]]>
              </value>
            </param>
            <param index="1">
              <value>
                <![CDATA[admin123]]>
              </value>
            </param>
          </params>
          <reporter-output>
          </reporter-output>
        </test-method> <!-- loginsuccess -->
      </class> <!-- Ddlogintestcases.BothCorrect -->
    </test> <!-- BothCorrect -->
    <test name="BothInCorrect" duration-ms="9940" started-at="2020-09-01T07:22:55Z" finished-at="2020-09-01T07:23:05Z">
      <class name="Ddlogintestcases.BothInCorrect">
        <test-method status="PASS" signature="loginerror(java.lang.String, java.lang.String)[pri:0, instance:Ddlogintestcases.BothInCorrect@233c0b17]" name="loginerror" duration-ms="9940" started-at="2020-09-01T12:52:55Z" finished-at="2020-09-01T12:53:05Z">
          <params>
            <param index="0">
              <value>
                <![CDATA[Admin1]]>
              </value>
            </param>
            <param index="1">
              <value>
                <![CDATA[admin1234]]>
              </value>
            </param>
          </params>
          <reporter-output>
          </reporter-output>
        </test-method> <!-- loginerror -->
      </class> <!-- Ddlogintestcases.BothInCorrect -->
    </test> <!-- BothInCorrect -->
  </suite> <!-- All Test Suite -->
</testng-results>
